Detecting C [-std=c11] compiler features failed to compile with the following output:
Change Dir: /home/erfan/IUT/Robotics/Exercises/3rd-B/Answers/ws/src/build/CMakeFiles/CMakeTmp

Run Build Command:"/usr/bin/make" "cmTC_90abc/fast"
/usr/bin/make -f CMakeFiles/cmTC_90abc.dir/build.make CMakeFiles/cmTC_90abc.dir/build
make[1]: Entering directory '/home/erfan/IUT/Robotics/Exercises/3rd-B/Answers/ws/src/build/CMakeFiles/CMakeTmp'
Building C object CMakeFiles/cmTC_90abc.dir/feature_tests.c.o
/usr/bin/c89-gcc   -std=c11 -o CMakeFiles/cmTC_90abc.dir/feature_tests.c.o   -c /home/erfan/IUT/Robotics/Exercises/3rd-B/Answers/ws/src/build/CMakeFiles/feature_tests.c
c89-gcc called with non ANSI/ISO C option -std=c11
CMakeFiles/cmTC_90abc.dir/build.make:65: recipe for target 'CMakeFiles/cmTC_90abc.dir/feature_tests.c.o' failed
make[1]: *** [CMakeFiles/cmTC_90abc.dir/feature_tests.c.o] Error 1
make[1]: Leaving directory '/home/erfan/IUT/Robotics/Exercises/3rd-B/Answers/ws/src/build/CMakeFiles/CMakeTmp'
Makefile:126: recipe for target 'cmTC_90abc/fast' failed
make: *** [cmTC_90abc/fast] Error 2



Determining if the pthread_create exist failed with the following output:
Change Dir: /home/erfan/IUT/Robotics/Exercises/3rd-B/Answers/ws/src/build/CMakeFiles/CMakeTmp

Run Build Command:"/usr/bin/make" "cmTC_5e569/fast"
/usr/bin/make -f CMakeFiles/cmTC_5e569.dir/build.make CMakeFiles/cmTC_5e569.dir/build
make[1]: Entering directory '/home/erfan/IUT/Robotics/Exercises/3rd-B/Answers/ws/src/build/CMakeFiles/CMakeTmp'
Building C object CMakeFiles/cmTC_5e569.dir/CheckSymbolExists.c.o
/usr/bin/c89-gcc    -o CMakeFiles/cmTC_5e569.dir/CheckSymbolExists.c.o   -c /home/erfan/IUT/Robotics/Exercises/3rd-B/Answers/ws/src/build/CMakeFiles/CMakeTmp/CheckSymbolExists.c
Linking C executable cmTC_5e569
/usr/bin/cmake -E cmake_link_script CMakeFiles/cmTC_5e569.dir/link.txt --verbose=1
/usr/bin/c89-gcc      -rdynamic CMakeFiles/cmTC_5e569.dir/CheckSymbolExists.c.o  -o cmTC_5e569 
CMakeFiles/cmTC_5e569.dir/CheckSymbolExists.c.o: In function `main':
CheckSymbolExists.c:(.text+0x1b): undefined reference to `pthread_create'
collect2: error: ld returned 1 exit status
CMakeFiles/cmTC_5e569.dir/build.make:97: recipe for target 'cmTC_5e569' failed
make[1]: *** [cmTC_5e569] Error 1
make[1]: Leaving directory '/home/erfan/IUT/Robotics/Exercises/3rd-B/Answers/ws/src/build/CMakeFiles/CMakeTmp'
Makefile:126: recipe for target 'cmTC_5e569/fast' failed
make: *** [cmTC_5e569/fast] Error 2

File /home/erfan/IUT/Robotics/Exercises/3rd-B/Answers/ws/src/build/CMakeFiles/CMakeTmp/CheckSymbolExists.c:
/* */
#include <pthread.h>

int main(int argc, char** argv)
{
  (void)argv;
#ifndef pthread_create
  return ((int*)(&pthread_create))[argc];
#else
  (void)argc;
  return 0;
#endif
}

Determining if the function pthread_create exists in the pthreads failed with the following output:
Change Dir: /home/erfan/IUT/Robotics/Exercises/3rd-B/Answers/ws/src/build/CMakeFiles/CMakeTmp

Run Build Command:"/usr/bin/make" "cmTC_c2b9b/fast"
/usr/bin/make -f CMakeFiles/cmTC_c2b9b.dir/build.make CMakeFiles/cmTC_c2b9b.dir/build
make[1]: Entering directory '/home/erfan/IUT/Robotics/Exercises/3rd-B/Answers/ws/src/build/CMakeFiles/CMakeTmp'
Building C object CMakeFiles/cmTC_c2b9b.dir/CheckFunctionExists.c.o
/usr/bin/c89-gcc   -DCHECK_FUNCTION_EXISTS=pthread_create   -o CMakeFiles/cmTC_c2b9b.dir/CheckFunctionExists.c.o   -c /usr/share/cmake-3.10/Modules/CheckFunctionExists.c
Linking C executable cmTC_c2b9b
/usr/bin/cmake -E cmake_link_script CMakeFiles/cmTC_c2b9b.dir/link.txt --verbose=1
/usr/bin/c89-gcc  -DCHECK_FUNCTION_EXISTS=pthread_create    -rdynamic CMakeFiles/cmTC_c2b9b.dir/CheckFunctionExists.c.o  -o cmTC_c2b9b -lpthreads 
/usr/bin/ld: cannot find -lpthreads
collect2: error: ld returned 1 exit status
CMakeFiles/cmTC_c2b9b.dir/build.make:97: recipe for target 'cmTC_c2b9b' failed
make[1]: *** [cmTC_c2b9b] Error 1
make[1]: Leaving directory '/home/erfan/IUT/Robotics/Exercises/3rd-B/Answers/ws/src/build/CMakeFiles/CMakeTmp'
Makefile:126: recipe for target 'cmTC_c2b9b/fast' failed
make: *** [cmTC_c2b9b/fast] Error 2


